<?xml version="1.0" encoding="UTF-8"?>
<testsuite name="com.kramkroc.DiscoveryServiceApplicationTests" tests="1" skipped="0" failures="0" errors="0" timestamp="2016-05-11T13:04:02" hostname="Marks-MacBook-Pro.local" time="0.004">
  <properties/>
  <testcase name="contextLoads" classname="com.kramkroc.DiscoveryServiceApplicationTests" time="0.004"/>
  <system-out><![CDATA[14:03:47.884 [Test worker] DEBUG org.springframework.test.context.junit4.SpringJUnit4ClassRunner - SpringJUnit4ClassRunner constructor called with [class com.kramkroc.DiscoveryServiceApplicationTests]
14:03:47.892 [Test worker] DEBUG org.springframework.test.context.BootstrapUtils - Instantiating CacheAwareContextLoaderDelegate from class [org.springframework.test.context.cache.DefaultCacheAwareContextLoaderDelegate]
14:03:47.901 [Test worker] DEBUG org.springframework.test.context.BootstrapUtils - Instantiating BootstrapContext using constructor [public org.springframework.test.context.support.DefaultBootstrapContext(java.lang.Class,org.springframework.test.context.CacheAwareContextLoaderDelegate)]
14:03:47.927 [Test worker] DEBUG org.springframework.test.context.BootstrapUtils - Instantiating TestContextBootstrapper for test class [com.kramkroc.DiscoveryServiceApplicationTests] from class [org.springframework.test.context.support.DefaultTestContextBootstrapper]
14:03:47.968 [Test worker] DEBUG org.springframework.test.context.support.DefaultTestContextBootstrapper - Found explicit ContextLoader class [org.springframework.boot.test.SpringApplicationContextLoader] for context configuration attributes [ContextConfigurationAttributes@37a8222e declaringClass = 'com.kramkroc.DiscoveryServiceApplicationTests', classes = '{class com.kramkroc.DiscoveryServiceApplication}', locations = '{}', inheritLocations = true, initializers = '{}', inheritInitializers = true, name = [null], contextLoaderClass = 'org.springframework.boot.test.SpringApplicationContextLoader']
14:03:48.031 [Test worker] DEBUG org.springframework.test.context.support.AbstractContextLoader - Did not detect default resource location for test class [com.kramkroc.DiscoveryServiceApplicationTests]: class path resource [com/kramkroc/DiscoveryServiceApplicationTests-context.xml] does not exist
14:03:48.034 [Test worker] DEBUG org.springframework.test.context.support.AbstractContextLoader - Did not detect default resource location for test class [com.kramkroc.DiscoveryServiceApplicationTests]: class path resource [com/kramkroc/DiscoveryServiceApplicationTestsContext.groovy] does not exist
14:03:48.048 [Test worker] INFO org.springframework.test.context.support.AbstractContextLoader - Could not detect default resource locations for test class [com.kramkroc.DiscoveryServiceApplicationTests]: no resource found for suffixes {-context.xml, Context.groovy}.
14:03:48.061 [Test worker] DEBUG org.springframework.test.context.support.ActiveProfilesUtils - Could not find an 'annotation declaring class' for annotation type [org.springframework.test.context.ActiveProfiles] and class [com.kramkroc.DiscoveryServiceApplicationTests]
14:03:48.103 [Test worker] DEBUG org.springframework.test.context.support.DefaultTestContextBootstrapper - @TestExecutionListeners is not present for class [com.kramkroc.DiscoveryServiceApplicationTests]: using defaults.
14:03:48.130 [Test worker] INFO org.springframework.test.context.support.DefaultTestContextBootstrapper - Loaded default TestExecutionListener class names from location [META-INF/spring.factories]: [org.springframework.test.context.web.ServletTestExecutionListener, org.springframework.test.context.support.DirtiesContextBeforeModesTestExecutionListener, org.springframework.test.context.support.DependencyInjectionTestExecutionListener, org.springframework.test.context.support.DirtiesContextTestExecutionListener, org.springframework.test.context.transaction.TransactionalTestExecutionListener, org.springframework.test.context.jdbc.SqlScriptsTestExecutionListener]
14:03:48.203 [Test worker] INFO org.springframework.test.context.support.DefaultTestContextBootstrapper - Could not instantiate TestExecutionListener [org.springframework.test.context.jdbc.SqlScriptsTestExecutionListener]. Specify custom listener classes or make the default listener classes (and their required dependencies) available. Offending class: [org/springframework/transaction/interceptor/TransactionAttribute]
14:03:48.217 [Test worker] INFO org.springframework.test.context.support.DefaultTestContextBootstrapper - Could not instantiate TestExecutionListener [org.springframework.test.context.transaction.TransactionalTestExecutionListener]. Specify custom listener classes or make the default listener classes (and their required dependencies) available. Offending class: [org/springframework/transaction/interceptor/TransactionAttributeSource]
14:03:48.220 [Test worker] INFO org.springframework.test.context.support.DefaultTestContextBootstrapper - Using TestExecutionListeners: [org.springframework.test.context.web.ServletTestExecutionListener@fa66edd, org.springframework.test.context.support.DirtiesContextBeforeModesTestExecutionListener@2b527096, org.springframework.test.context.support.DependencyInjectionTestExecutionListener@33f107c6, org.springframework.test.context.support.DirtiesContextTestExecutionListener@4463310a]
14:03:48.225 [Test worker] DEBUG org.springframework.test.annotation.ProfileValueUtils - Retrieved @ProfileValueSourceConfiguration [null] for test class [com.kramkroc.DiscoveryServiceApplicationTests]
14:03:48.226 [Test worker] DEBUG org.springframework.test.annotation.ProfileValueUtils - Retrieved ProfileValueSource type [class org.springframework.test.annotation.SystemProfileValueSource] for class [com.kramkroc.DiscoveryServiceApplicationTests]
14:03:48.229 [Test worker] DEBUG org.springframework.test.annotation.ProfileValueUtils - Retrieved @ProfileValueSourceConfiguration [null] for test class [com.kramkroc.DiscoveryServiceApplicationTests]
14:03:48.230 [Test worker] DEBUG org.springframework.test.annotation.ProfileValueUtils - Retrieved ProfileValueSource type [class org.springframework.test.annotation.SystemProfileValueSource] for class [com.kramkroc.DiscoveryServiceApplicationTests]
14:03:48.234 [Test worker] DEBUG org.springframework.test.context.support.AbstractDirtiesContextTestExecutionListener - Before test class: context [DefaultTestContext@2f391151 testClass = DiscoveryServiceApplicationTests, testInstance = [null], testMethod = [null], testException = [null], mergedContextConfiguration = [MergedContextConfiguration@5bf2a821 testClass = DiscoveryServiceApplicationTests, locations = '{}', classes = '{class com.kramkroc.DiscoveryServiceApplication}', contextInitializerClasses = '[]', activeProfiles = '{}', propertySourceLocations = '{}', propertySourceProperties = '{}', contextLoader = 'org.springframework.boot.test.SpringApplicationContextLoader', parent = [null]]], class annotated with @DirtiesContext [false] with mode [null].
14:03:48.236 [Test worker] DEBUG org.springframework.test.annotation.ProfileValueUtils - Retrieved @ProfileValueSourceConfiguration [null] for test class [com.kramkroc.DiscoveryServiceApplicationTests]
14:03:48.237 [Test worker] DEBUG org.springframework.test.annotation.ProfileValueUtils - Retrieved ProfileValueSource type [class org.springframework.test.annotation.SystemProfileValueSource] for class [com.kramkroc.DiscoveryServiceApplicationTests]
14:03:48.240 [Test worker] DEBUG org.springframework.test.context.support.DependencyInjectionTestExecutionListener - Performing dependency injection for test context [[DefaultTestContext@2f391151 testClass = DiscoveryServiceApplicationTests, testInstance = com.kramkroc.DiscoveryServiceApplicationTests@61382566, testMethod = [null], testException = [null], mergedContextConfiguration = [MergedContextConfiguration@5bf2a821 testClass = DiscoveryServiceApplicationTests, locations = '{}', classes = '{class com.kramkroc.DiscoveryServiceApplication}', contextInitializerClasses = '[]', activeProfiles = '{}', propertySourceLocations = '{}', propertySourceProperties = '{}', contextLoader = 'org.springframework.boot.test.SpringApplicationContextLoader', parent = [null]]]].
14:03:48.571 [Test worker] DEBUG org.springframework.core.env.StandardEnvironment - Adding [systemProperties] PropertySource with lowest search precedence
14:03:48.575 [Test worker] DEBUG org.springframework.core.env.StandardEnvironment - Adding [systemEnvironment] PropertySource with lowest search precedence
14:03:48.576 [Test worker] DEBUG org.springframework.core.env.StandardEnvironment - Initialized StandardEnvironment with PropertySources [systemProperties,systemEnvironment]
14:03:48.597 [Test worker] DEBUG org.springframework.core.env.StandardEnvironment - Adding [integrationTest] PropertySource with search precedence immediately lower than [systemEnvironment]
2016-05-11 14:03:50.329  INFO 13212 --- [    Test worker] s.c.a.AnnotationConfigApplicationContext : Refreshing org.springframework.context.annotation.AnnotationConfigApplicationContext@4e3b04: startup date [Wed May 11 14:03:50 IST 2016]; root of context hierarchy
2016-05-11 14:03:51.518  INFO 13212 --- [    Test worker] f.a.AutowiredAnnotationBeanPostProcessor : JSR-330 'javax.inject.Inject' annotation found and supported for autowiring
2016-05-11 14:03:51.637  INFO 13212 --- [    Test worker] trationDelegate$BeanPostProcessorChecker : Bean 'configurationPropertiesRebinderAutoConfiguration' of type [class org.springframework.cloud.autoconfigure.ConfigurationPropertiesRebinderAutoConfiguration$$EnhancerBySpringCGLIB$$a5c62579] is not eligible for getting processed by all BeanPostProcessors (for example: not eligible for auto-proxying)

  .   ____          _            __ _ _
 /\\ / ___'_ __ _ _(_)_ __  __ _ \ \ \ \
( ( )\___ | '_ | '_| | '_ \/ _` | \ \ \ \
 \\/  ___)| |_)| | | | | || (_| |  ) ) ) )
  '  |____| .__|_| |_|_| |_\__, | / / / /
 =========|_|==============|___/=/_/_/_/
 :: Spring Boot ::        (v1.3.5.RELEASE)

2016-05-11 14:03:53.246  INFO 13212 --- [    Test worker] c.k.DiscoveryServiceApplicationTests     : No active profile set, falling back to default profiles: default
2016-05-11 14:03:53.315  INFO 13212 --- [    Test worker] s.c.a.AnnotationConfigApplicationContext : Refreshing org.springframework.context.annotation.AnnotationConfigApplicationContext@69a7a211: startup date [Wed May 11 14:03:53 IST 2016]; parent: org.springframework.context.annotation.AnnotationConfigApplicationContext@4e3b04
2016-05-11 14:03:55.743  WARN 13212 --- [    Test worker] o.s.c.a.ConfigurationClassPostProcessor  : Cannot enhance @Configuration bean definition 'refreshScope' since its singleton instance has been created too early. The typical cause is a non-static @Bean method with a BeanDefinitionRegistryPostProcessor return type: Consider declaring such methods as 'static'.
2016-05-11 14:03:56.081  INFO 13212 --- [    Test worker] o.s.cloud.context.scope.GenericScope     : BeanFactory id=597b6abb-4947-37cb-b5f2-d7a626c5da8b
2016-05-11 14:03:56.122  INFO 13212 --- [    Test worker] f.a.AutowiredAnnotationBeanPostProcessor : JSR-330 'javax.inject.Inject' annotation found and supported for autowiring
2016-05-11 14:03:56.201  INFO 13212 --- [    Test worker] trationDelegate$BeanPostProcessorChecker : Bean 'org.springframework.cloud.autoconfigure.ConfigurationPropertiesRebinderAutoConfiguration' of type [class org.springframework.cloud.autoconfigure.ConfigurationPropertiesRebinderAutoConfiguration$$EnhancerBySpringCGLIB$$a5c62579] is not eligible for getting processed by all BeanPostProcessors (for example: not eligible for auto-proxying)
2016-05-11 14:03:56.238  INFO 13212 --- [    Test worker] trationDelegate$BeanPostProcessorChecker : Bean 'org.springframework.cloud.autoconfigure.RefreshEndpointAutoConfiguration' of type [class org.springframework.cloud.autoconfigure.RefreshEndpointAutoConfiguration$$EnhancerBySpringCGLIB$$4f25276f] is not eligible for getting processed by all BeanPostProcessors (for example: not eligible for auto-proxying)
2016-05-11 14:03:57.739  INFO 13212 --- [    Test worker] o.s.c.n.eureka.InstanceInfoFactory       : Setting initial instance status as: STARTING
2016-05-11 14:03:57.966  INFO 13212 --- [    Test worker] com.netflix.discovery.DiscoveryClient    : Client configured to neither register nor query for data.
2016-05-11 14:03:58.193  INFO 13212 --- [    Test worker] c.n.eureka.DefaultEurekaServerContext    : Initializing ...
2016-05-11 14:03:58.197  INFO 13212 --- [    Test worker] c.n.eureka.cluster.PeerEurekaNodes       : Adding new peer nodes [http://localhost:8761/eureka/]
2016-05-11 14:03:58.695  INFO 13212 --- [    Test worker] c.n.d.provider.DiscoveryJerseyProvider   : Using JSON encoding codec CloudJacksonJson
2016-05-11 14:03:58.695  INFO 13212 --- [    Test worker] c.n.d.provider.DiscoveryJerseyProvider   : Using JSON decoding codec CloudJacksonJson
2016-05-11 14:03:58.695  INFO 13212 --- [    Test worker] c.n.d.provider.DiscoveryJerseyProvider   : Using XML encoding codec XStreamXml
2016-05-11 14:03:58.696  INFO 13212 --- [    Test worker] c.n.d.provider.DiscoveryJerseyProvider   : Using XML decoding codec XStreamXml
2016-05-11 14:03:59.318  INFO 13212 --- [    Test worker] c.n.eureka.cluster.PeerEurekaNodes       : Replica node URL:  http://localhost:8761/eureka/
2016-05-11 14:03:59.331  INFO 13212 --- [    Test worker] c.n.e.registry.AbstractInstanceRegistry  : Finished initializing remote region registries. All known remote regions: []
2016-05-11 14:03:59.333  INFO 13212 --- [    Test worker] c.n.eureka.DefaultEurekaServerContext    : Initialized
2016-05-11 14:04:01.297  INFO 13212 --- [    Test worker] o.s.ui.freemarker.SpringTemplateLoader   : SpringTemplateLoader for FreeMarker: using resource loader [org.springframework.context.annotation.AnnotationConfigApplicationContext@69a7a211: startup date [Wed May 11 14:03:53 IST 2016]; parent: org.springframework.context.annotation.AnnotationConfigApplicationContext@4e3b04] and template loader path [classpath:/templates/]
2016-05-11 14:04:01.611  WARN 13212 --- [    Test worker] o.s.c.n.a.ArchaiusAutoConfiguration      : No spring.application.name found, defaulting to 'application'
2016-05-11 14:04:01.625  WARN 13212 --- [    Test worker] c.n.c.sources.URLConfigurationSource     : No URLs will be polled as dynamic configuration sources.
2016-05-11 14:04:01.625  INFO 13212 --- [    Test worker] c.n.c.sources.URLConfigurationSource     : To enable URLs as dynamic configuration sources, define System property archaius.configurationSource.additionalUrls or make config.properties available on classpath.
2016-05-11 14:04:01.652  WARN 13212 --- [    Test worker] c.n.c.sources.URLConfigurationSource     : No URLs will be polled as dynamic configuration sources.
2016-05-11 14:04:01.652  INFO 13212 --- [    Test worker] c.n.c.sources.URLConfigurationSource     : To enable URLs as dynamic configuration sources, define System property archaius.configurationSource.additionalUrls or make config.properties available on classpath.
2016-05-11 14:04:02.401  INFO 13212 --- [    Test worker] o.s.c.support.DefaultLifecycleProcessor  : Starting beans in phase 0
2016-05-11 14:04:02.403  INFO 13212 --- [      Thread-10] o.s.c.n.e.server.EurekaServerBootstrap   : Setting the eureka configuration..
2016-05-11 14:04:02.405  INFO 13212 --- [      Thread-10] o.s.c.n.e.server.EurekaServerBootstrap   : Eureka data center value eureka.datacenter is not set, defaulting to default
2016-05-11 14:04:02.405  INFO 13212 --- [      Thread-10] o.s.c.n.e.server.EurekaServerBootstrap   : Eureka environment value eureka.environment is not set, defaulting to test
2016-05-11 14:04:02.425  INFO 13212 --- [      Thread-10] o.s.c.n.e.server.EurekaServerBootstrap   : isAws returned false
2016-05-11 14:04:02.426  INFO 13212 --- [      Thread-10] o.s.c.n.e.server.EurekaServerBootstrap   : Initialized server context
2016-05-11 14:04:02.426  INFO 13212 --- [      Thread-10] c.n.e.r.PeerAwareInstanceRegistryImpl    : Got 1 instances from neighboring DS node
2016-05-11 14:04:02.427  INFO 13212 --- [      Thread-10] c.n.e.r.PeerAwareInstanceRegistryImpl    : Renew threshold is: 1
2016-05-11 14:04:02.427  INFO 13212 --- [      Thread-10] c.n.e.r.PeerAwareInstanceRegistryImpl    : Changing status to UP
2016-05-11 14:04:02.449 ERROR 13212 --- [      Thread-10] o.s.c.n.e.server.EurekaServerBootstrap   : Cannot bootstrap eureka server :

java.lang.NullPointerException: null
	at org.springframework.cloud.netflix.eureka.server.EurekaServerBootstrap.contextInitialized(EurekaServerBootstrap.java:83) ~[spring-cloud-netflix-eureka-server-1.1.0.RELEASE.jar:1.1.0.RELEASE]
	at org.springframework.cloud.netflix.eureka.server.EurekaServerInitializerConfiguration$1.run(EurekaServerInitializerConfiguration.java:70) [spring-cloud-netflix-eureka-server-1.1.0.RELEASE.jar:1.1.0.RELEASE]
	at java.lang.Thread.run(Thread.java:745) [na:1.8.0_60]

2016-05-11 14:04:02.452 ERROR 13212 --- [      Thread-10] e.s.EurekaServerInitializerConfiguration : Could not initialize Eureka servlet context

java.lang.RuntimeException: Cannot bootstrap eureka server :
	at org.springframework.cloud.netflix.eureka.server.EurekaServerBootstrap.contextInitialized(EurekaServerBootstrap.java:87) ~[spring-cloud-netflix-eureka-server-1.1.0.RELEASE.jar:1.1.0.RELEASE]
	at org.springframework.cloud.netflix.eureka.server.EurekaServerInitializerConfiguration$1.run(EurekaServerInitializerConfiguration.java:70) ~[spring-cloud-netflix-eureka-server-1.1.0.RELEASE.jar:1.1.0.RELEASE]
	at java.lang.Thread.run(Thread.java:745) [na:1.8.0_60]
Caused by: java.lang.NullPointerException: null
	at org.springframework.cloud.netflix.eureka.server.EurekaServerBootstrap.contextInitialized(EurekaServerBootstrap.java:83) ~[spring-cloud-netflix-eureka-server-1.1.0.RELEASE.jar:1.1.0.RELEASE]
	... 2 common frames omitted

2016-05-11 14:04:02.465  INFO 13212 --- [    Test worker] c.k.DiscoveryServiceApplicationTests     : Started DiscoveryServiceApplicationTests in 13.861 seconds (JVM running for 16.81)
]]></system-out>
  <system-err><![CDATA[]]></system-err>
</testsuite>
