<?xml version="1.0" encoding="UTF-8"?>
<testsuite name="com.kramkroc.SampleServiceApplicationTests" tests="1" skipped="1" failures="0" errors="0" timestamp="2016-05-11T18:33:13" hostname="Marks-MBP.home" time="0.0">
  <properties/>
  <testcase name="contextLoads" classname="com.kramkroc.SampleServiceApplicationTests" time="0.0">
    <skipped/>
  </testcase>
  <system-out><![CDATA[19:33:13.585 [Test worker] DEBUG o.s.t.c.j.SpringJUnit4ClassRunner - SpringJUnit4ClassRunner constructor called with [class com.kramkroc.SampleServiceApplicationTests]
19:33:13.591 [Test worker] DEBUG o.s.test.context.BootstrapUtils - Instantiating CacheAwareContextLoaderDelegate from class [org.springframework.test.context.cache.DefaultCacheAwareContextLoaderDelegate]
19:33:13.598 [Test worker] DEBUG o.s.test.context.BootstrapUtils - Instantiating BootstrapContext using constructor [public org.springframework.test.context.support.DefaultBootstrapContext(java.lang.Class,org.springframework.test.context.CacheAwareContextLoaderDelegate)]
19:33:13.613 [Test worker] DEBUG o.s.test.context.BootstrapUtils - Instantiating TestContextBootstrapper for test class [com.kramkroc.SampleServiceApplicationTests] from class [org.springframework.test.context.web.WebTestContextBootstrapper]
19:33:13.639 [Test worker] DEBUG o.s.t.c.w.WebTestContextBootstrapper - Found explicit ContextLoader class [org.springframework.boot.test.SpringApplicationContextLoader] for context configuration attributes [ContextConfigurationAttributes@4f5597ac declaringClass = 'com.kramkroc.SampleServiceApplicationTests', classes = '{class com.kramkroc.SampleServiceApplication}', locations = '{}', inheritLocations = true, initializers = '{}', inheritInitializers = true, name = [null], contextLoaderClass = 'org.springframework.boot.test.SpringApplicationContextLoader']
19:33:13.649 [Test worker] DEBUG o.s.t.c.s.AbstractContextLoader - Did not detect default resource location for test class [com.kramkroc.SampleServiceApplicationTests]: class path resource [com/kramkroc/SampleServiceApplicationTests-context.xml] does not exist
19:33:13.650 [Test worker] DEBUG o.s.t.c.s.AbstractContextLoader - Did not detect default resource location for test class [com.kramkroc.SampleServiceApplicationTests]: class path resource [com/kramkroc/SampleServiceApplicationTestsContext.groovy] does not exist
19:33:13.650 [Test worker] INFO  o.s.t.c.s.AbstractContextLoader - Could not detect default resource locations for test class [com.kramkroc.SampleServiceApplicationTests]: no resource found for suffixes {-context.xml, Context.groovy}.
19:33:13.654 [Test worker] DEBUG o.s.t.c.support.ActiveProfilesUtils - Could not find an 'annotation declaring class' for annotation type [org.springframework.test.context.ActiveProfiles] and class [com.kramkroc.SampleServiceApplicationTests]
19:33:13.661 [Test worker] DEBUG o.s.t.c.w.WebTestContextBootstrapper - @TestExecutionListeners is not present for class [com.kramkroc.SampleServiceApplicationTests]: using defaults.
19:33:13.672 [Test worker] INFO  o.s.t.c.w.WebTestContextBootstrapper - Loaded default TestExecutionListener class names from location [META-INF/spring.factories]: [org.springframework.test.context.web.ServletTestExecutionListener, org.springframework.test.context.support.DirtiesContextBeforeModesTestExecutionListener, org.springframework.test.context.support.DependencyInjectionTestExecutionListener, org.springframework.test.context.support.DirtiesContextTestExecutionListener, org.springframework.test.context.transaction.TransactionalTestExecutionListener, org.springframework.test.context.jdbc.SqlScriptsTestExecutionListener]
19:33:13.678 [Test worker] INFO  o.s.t.c.w.WebTestContextBootstrapper - Could not instantiate TestExecutionListener [org.springframework.test.context.transaction.TransactionalTestExecutionListener]. Specify custom listener classes or make the default listener classes (and their required dependencies) available. Offending class: [org/springframework/transaction/interceptor/TransactionAttributeSource]
19:33:13.693 [Test worker] INFO  o.s.t.c.w.WebTestContextBootstrapper - Could not instantiate TestExecutionListener [org.springframework.test.context.jdbc.SqlScriptsTestExecutionListener]. Specify custom listener classes or make the default listener classes (and their required dependencies) available. Offending class: [org/springframework/transaction/interceptor/TransactionAttribute]
19:33:13.695 [Test worker] INFO  o.s.t.c.w.WebTestContextBootstrapper - Using TestExecutionListeners: [org.springframework.test.context.web.ServletTestExecutionListener@1ee40ba, org.springframework.test.context.support.DirtiesContextBeforeModesTestExecutionListener@c98ceb3, org.springframework.test.context.support.DependencyInjectionTestExecutionListener@7daf1e47, org.springframework.test.context.support.DirtiesContextTestExecutionListener@54bda701]
19:33:13.698 [Test worker] DEBUG o.s.t.annotation.ProfileValueUtils - Retrieved @ProfileValueSourceConfiguration [null] for test class [com.kramkroc.SampleServiceApplicationTests]
19:33:13.699 [Test worker] DEBUG o.s.t.annotation.ProfileValueUtils - Retrieved ProfileValueSource type [class org.springframework.test.annotation.SystemProfileValueSource] for class [com.kramkroc.SampleServiceApplicationTests]
]]></system-out>
  <system-err><![CDATA[]]></system-err>
</testsuite>
