<?xml version="1.0" encoding="UTF-8"?>
<testsuite name="com.kramkroc.ConfigServerApplicationTests" tests="1" skipped="0" failures="0" errors="0" timestamp="2016-05-11T13:03:59" hostname="Marks-MacBook-Pro.local" time="0.002">
  <properties/>
  <testcase name="contextLoads" classname="com.kramkroc.ConfigServerApplicationTests" time="0.002"/>
  <system-out><![CDATA[14:03:48.553 [Test worker] DEBUG org.springframework.test.context.junit4.SpringJUnit4ClassRunner - SpringJUnit4ClassRunner constructor called with [class com.kramkroc.ConfigServerApplicationTests]
14:03:48.588 [Test worker] DEBUG org.springframework.test.context.BootstrapUtils - Instantiating CacheAwareContextLoaderDelegate from class [org.springframework.test.context.cache.DefaultCacheAwareContextLoaderDelegate]
14:03:48.600 [Test worker] DEBUG org.springframework.test.context.BootstrapUtils - Instantiating BootstrapContext using constructor [public org.springframework.test.context.support.DefaultBootstrapContext(java.lang.Class,org.springframework.test.context.CacheAwareContextLoaderDelegate)]
14:03:48.623 [Test worker] DEBUG org.springframework.test.context.BootstrapUtils - Instantiating TestContextBootstrapper for test class [com.kramkroc.ConfigServerApplicationTests] from class [org.springframework.test.context.support.DefaultTestContextBootstrapper]
14:03:48.741 [Test worker] DEBUG org.springframework.test.context.support.DefaultTestContextBootstrapper - Found explicit ContextLoader class [org.springframework.boot.test.SpringApplicationContextLoader] for context configuration attributes [ContextConfigurationAttributes@12283499 declaringClass = 'com.kramkroc.ConfigServerApplicationTests', classes = '{class com.kramkroc.ConfigServerApplication}', locations = '{}', inheritLocations = true, initializers = '{}', inheritInitializers = true, name = [null], contextLoaderClass = 'org.springframework.boot.test.SpringApplicationContextLoader']
14:03:48.768 [Test worker] DEBUG org.springframework.test.context.support.AbstractContextLoader - Did not detect default resource location for test class [com.kramkroc.ConfigServerApplicationTests]: class path resource [com/kramkroc/ConfigServerApplicationTests-context.xml] does not exist
14:03:48.769 [Test worker] DEBUG org.springframework.test.context.support.AbstractContextLoader - Did not detect default resource location for test class [com.kramkroc.ConfigServerApplicationTests]: class path resource [com/kramkroc/ConfigServerApplicationTestsContext.groovy] does not exist
14:03:48.770 [Test worker] INFO org.springframework.test.context.support.AbstractContextLoader - Could not detect default resource locations for test class [com.kramkroc.ConfigServerApplicationTests]: no resource found for suffixes {-context.xml, Context.groovy}.
14:03:48.772 [Test worker] DEBUG org.springframework.test.context.support.ActiveProfilesUtils - Could not find an 'annotation declaring class' for annotation type [org.springframework.test.context.ActiveProfiles] and class [com.kramkroc.ConfigServerApplicationTests]
14:03:48.777 [Test worker] DEBUG org.springframework.test.context.support.DefaultTestContextBootstrapper - @TestExecutionListeners is not present for class [com.kramkroc.ConfigServerApplicationTests]: using defaults.
14:03:48.802 [Test worker] INFO org.springframework.test.context.support.DefaultTestContextBootstrapper - Loaded default TestExecutionListener class names from location [META-INF/spring.factories]: [org.springframework.test.context.web.ServletTestExecutionListener, org.springframework.test.context.support.DirtiesContextBeforeModesTestExecutionListener, org.springframework.test.context.support.DependencyInjectionTestExecutionListener, org.springframework.test.context.support.DirtiesContextTestExecutionListener, org.springframework.test.context.transaction.TransactionalTestExecutionListener, org.springframework.test.context.jdbc.SqlScriptsTestExecutionListener]
14:03:48.809 [Test worker] INFO org.springframework.test.context.support.DefaultTestContextBootstrapper - Could not instantiate TestExecutionListener [org.springframework.test.context.transaction.TransactionalTestExecutionListener]. Specify custom listener classes or make the default listener classes (and their required dependencies) available. Offending class: [org/springframework/transaction/interceptor/TransactionAttributeSource]
14:03:48.810 [Test worker] INFO org.springframework.test.context.support.DefaultTestContextBootstrapper - Could not instantiate TestExecutionListener [org.springframework.test.context.jdbc.SqlScriptsTestExecutionListener]. Specify custom listener classes or make the default listener classes (and their required dependencies) available. Offending class: [org/springframework/transaction/interceptor/TransactionAttribute]
14:03:48.883 [Test worker] INFO org.springframework.test.context.support.DefaultTestContextBootstrapper - Using TestExecutionListeners: [org.springframework.test.context.web.ServletTestExecutionListener@9de01a2, org.springframework.test.context.support.DirtiesContextBeforeModesTestExecutionListener@23c06b32, org.springframework.test.context.support.DependencyInjectionTestExecutionListener@230d58ec, org.springframework.test.context.support.DirtiesContextTestExecutionListener@5bb548ab]
14:03:48.890 [Test worker] DEBUG org.springframework.test.annotation.ProfileValueUtils - Retrieved @ProfileValueSourceConfiguration [null] for test class [com.kramkroc.ConfigServerApplicationTests]
14:03:48.893 [Test worker] DEBUG org.springframework.test.annotation.ProfileValueUtils - Retrieved ProfileValueSource type [class org.springframework.test.annotation.SystemProfileValueSource] for class [com.kramkroc.ConfigServerApplicationTests]
14:03:48.894 [Test worker] DEBUG org.springframework.test.annotation.ProfileValueUtils - Retrieved @ProfileValueSourceConfiguration [null] for test class [com.kramkroc.ConfigServerApplicationTests]
14:03:48.894 [Test worker] DEBUG org.springframework.test.annotation.ProfileValueUtils - Retrieved ProfileValueSource type [class org.springframework.test.annotation.SystemProfileValueSource] for class [com.kramkroc.ConfigServerApplicationTests]
14:03:48.902 [Test worker] DEBUG org.springframework.test.context.support.AbstractDirtiesContextTestExecutionListener - Before test class: context [DefaultTestContext@15380d30 testClass = ConfigServerApplicationTests, testInstance = [null], testMethod = [null], testException = [null], mergedContextConfiguration = [MergedContextConfiguration@16a461fe testClass = ConfigServerApplicationTests, locations = '{}', classes = '{class com.kramkroc.ConfigServerApplication}', contextInitializerClasses = '[]', activeProfiles = '{}', propertySourceLocations = '{}', propertySourceProperties = '{}', contextLoader = 'org.springframework.boot.test.SpringApplicationContextLoader', parent = [null]]], class annotated with @DirtiesContext [false] with mode [null].
14:03:48.904 [Test worker] DEBUG org.springframework.test.annotation.ProfileValueUtils - Retrieved @ProfileValueSourceConfiguration [null] for test class [com.kramkroc.ConfigServerApplicationTests]
14:03:48.904 [Test worker] DEBUG org.springframework.test.annotation.ProfileValueUtils - Retrieved ProfileValueSource type [class org.springframework.test.annotation.SystemProfileValueSource] for class [com.kramkroc.ConfigServerApplicationTests]
14:03:48.909 [Test worker] DEBUG org.springframework.test.context.support.DependencyInjectionTestExecutionListener - Performing dependency injection for test context [[DefaultTestContext@15380d30 testClass = ConfigServerApplicationTests, testInstance = com.kramkroc.ConfigServerApplicationTests@7b3b6a0, testMethod = [null], testException = [null], mergedContextConfiguration = [MergedContextConfiguration@16a461fe testClass = ConfigServerApplicationTests, locations = '{}', classes = '{class com.kramkroc.ConfigServerApplication}', contextInitializerClasses = '[]', activeProfiles = '{}', propertySourceLocations = '{}', propertySourceProperties = '{}', contextLoader = 'org.springframework.boot.test.SpringApplicationContextLoader', parent = [null]]]].
14:03:49.107 [Test worker] DEBUG org.springframework.core.env.StandardEnvironment - Adding [systemProperties] PropertySource with lowest search precedence
14:03:49.111 [Test worker] DEBUG org.springframework.core.env.StandardEnvironment - Adding [systemEnvironment] PropertySource with lowest search precedence
14:03:49.111 [Test worker] DEBUG org.springframework.core.env.StandardEnvironment - Initialized StandardEnvironment with PropertySources [systemProperties,systemEnvironment]
14:03:49.114 [Test worker] DEBUG org.springframework.core.env.StandardEnvironment - Adding [integrationTest] PropertySource with search precedence immediately lower than [systemEnvironment]
2016-05-11 14:03:51.274  INFO 13213 --- [    Test worker] s.c.a.AnnotationConfigApplicationContext : Refreshing org.springframework.context.annotation.AnnotationConfigApplicationContext@5a52f545: startup date [Wed May 11 14:03:51 IST 2016]; root of context hierarchy
2016-05-11 14:03:52.494  INFO 13213 --- [    Test worker] f.a.AutowiredAnnotationBeanPostProcessor : JSR-330 'javax.inject.Inject' annotation found and supported for autowiring
2016-05-11 14:03:52.544  INFO 13213 --- [    Test worker] trationDelegate$BeanPostProcessorChecker : Bean 'configurationPropertiesRebinderAutoConfiguration' of type [class org.springframework.cloud.autoconfigure.ConfigurationPropertiesRebinderAutoConfiguration$$EnhancerBySpringCGLIB$$ecff32a3] is not eligible for getting processed by all BeanPostProcessors (for example: not eligible for auto-proxying)

  .   ____          _            __ _ _
 /\\ / ___'_ __ _ _(_)_ __  __ _ \ \ \ \
( ( )\___ | '_ | '_| | '_ \/ _` | \ \ \ \
 \\/  ___)| |_)| | | | | || (_| |  ) ) ) )
  '  |____| .__|_| |_|_| |_\__, | / / / /
 =========|_|==============|___/=/_/_/_/
 :: Spring Boot ::        (v1.3.5.RELEASE)

2016-05-11 14:03:53.744  INFO 13213 --- [    Test worker] c.kramkroc.ConfigServerApplicationTests  : The following profiles are active: native
2016-05-11 14:03:53.780  INFO 13213 --- [    Test worker] s.c.a.AnnotationConfigApplicationContext : Refreshing org.springframework.context.annotation.AnnotationConfigApplicationContext@33fac493: startup date [Wed May 11 14:03:53 IST 2016]; parent: org.springframework.context.annotation.AnnotationConfigApplicationContext@5a52f545
2016-05-11 14:03:55.563  INFO 13213 --- [    Test worker] o.s.b.f.s.DefaultListableBeanFactory     : Overriding bean definition for bean 'environmentRepository' with a different definition: replacing [Root bean: class [null]; scope=; abstract=false; lazyInit=false; autowireMode=3; dependencyCheck=0; autowireCandidate=true; primary=false; factoryBeanName=org.springframework.cloud.config.server.config.EnvironmentRepositoryConfiguration$GitRepositoryConfiguration; factoryMethodName=environmentRepository; initMethodName=null; destroyMethodName=(inferred); defined in class org.springframework.cloud.config.server.config.EnvironmentRepositoryConfiguration$GitRepositoryConfiguration] with [Root bean: class [null]; scope=; abstract=false; lazyInit=false; autowireMode=3; dependencyCheck=0; autowireCandidate=true; primary=false; factoryBeanName=org.springframework.cloud.config.server.config.EnvironmentRepositoryConfiguration$NativeRepositoryConfiguration; factoryMethodName=environmentRepository; initMethodName=null; destroyMethodName=(inferred); defined in class org.springframework.cloud.config.server.config.EnvironmentRepositoryConfiguration$NativeRepositoryConfiguration]
2016-05-11 14:03:56.034  WARN 13213 --- [    Test worker] o.s.c.a.ConfigurationClassPostProcessor  : Cannot enhance @Configuration bean definition 'refreshScope' since its singleton instance has been created too early. The typical cause is a non-static @Bean method with a BeanDefinitionRegistryPostProcessor return type: Consider declaring such methods as 'static'.
2016-05-11 14:03:56.426  INFO 13213 --- [    Test worker] o.s.cloud.context.scope.GenericScope     : BeanFactory id=d1e57391-da6b-35bc-bc2c-c2697dc03da3
2016-05-11 14:03:56.435  INFO 13213 --- [    Test worker] f.a.AutowiredAnnotationBeanPostProcessor : JSR-330 'javax.inject.Inject' annotation found and supported for autowiring
2016-05-11 14:03:56.513  INFO 13213 --- [    Test worker] trationDelegate$BeanPostProcessorChecker : Bean 'org.springframework.cloud.autoconfigure.ConfigurationPropertiesRebinderAutoConfiguration' of type [class org.springframework.cloud.autoconfigure.ConfigurationPropertiesRebinderAutoConfiguration$$EnhancerBySpringCGLIB$$ecff32a3] is not eligible for getting processed by all BeanPostProcessors (for example: not eligible for auto-proxying)
2016-05-11 14:03:56.527  INFO 13213 --- [    Test worker] trationDelegate$BeanPostProcessorChecker : Bean 'org.springframework.cloud.autoconfigure.RefreshEndpointAutoConfiguration' of type [class org.springframework.cloud.autoconfigure.RefreshEndpointAutoConfiguration$$EnhancerBySpringCGLIB$$965e3499] is not eligible for getting processed by all BeanPostProcessors (for example: not eligible for auto-proxying)
2016-05-11 14:03:59.181  WARN 13213 --- [    Test worker] c.n.c.sources.URLConfigurationSource     : No URLs will be polled as dynamic configuration sources.
2016-05-11 14:03:59.181  INFO 13213 --- [    Test worker] c.n.c.sources.URLConfigurationSource     : To enable URLs as dynamic configuration sources, define System property archaius.configurationSource.additionalUrls or make config.properties available on classpath.
2016-05-11 14:03:59.200  WARN 13213 --- [    Test worker] c.n.c.sources.URLConfigurationSource     : No URLs will be polled as dynamic configuration sources.
2016-05-11 14:03:59.201  INFO 13213 --- [    Test worker] c.n.c.sources.URLConfigurationSource     : To enable URLs as dynamic configuration sources, define System property archaius.configurationSource.additionalUrls or make config.properties available on classpath.
2016-05-11 14:03:59.697  INFO 13213 --- [    Test worker] o.s.c.support.DefaultLifecycleProcessor  : Starting beans in phase 0
2016-05-11 14:03:59.739  INFO 13213 --- [    Test worker] c.kramkroc.ConfigServerApplicationTests  : Started ConfigServerApplicationTests in 10.62 seconds (JVM running for 13.749)
]]></system-out>
  <system-err><![CDATA[]]></system-err>
</testsuite>
